SF:C:\Users\shiro\Documents\Projects\hex-terapia-visual\terapia-visual\terapia_visual_domain\src\domain\app_settings.rs
FN:71,_RNvMNtNtCsh6eLa7zxMRk_21terapia_visual_domain6domain12app_settingsNtB2_8Language6as_str
FN:146,_RNvMs_NtNtCsh6eLa7zxMRk_21terapia_visual_domain6domain12app_settingsNtB4_11AppSettings12set_language
FN:127,_RNvMs_NtNtCsh6eLa7zxMRk_21terapia_visual_domain6domain12app_settingsNtB4_11AppSettings8language
FN:162,_RNvNtNtNtCsh6eLa7zxMRk_21terapia_visual_domain6domain12app_settings5testss_28test_serialization_roundtrip
FN:156,_RNvNtNtNtCsh6eLa7zxMRk_21terapia_visual_domain6domain12app_settings5testss_32test_default_language_is_spanish
FN:175,_RNvNtNtNtCsh6eLa7zxMRk_21terapia_visual_domain6domain12app_settings5testss_33test_language_getters_and_setters
FNDA:2,_RNvMNtNtCsh6eLa7zxMRk_21terapia_visual_domain6domain12app_settingsNtB2_8Language6as_str
FNDA:2,_RNvMs_NtNtCsh6eLa7zxMRk_21terapia_visual_domain6domain12app_settingsNtB4_11AppSettings12set_language
FNDA:5,_RNvMs_NtNtCsh6eLa7zxMRk_21terapia_visual_domain6domain12app_settingsNtB4_11AppSettings8language
FNDA:1,_RNvNtNtNtCsh6eLa7zxMRk_21terapia_visual_domain6domain12app_settings5testss_28test_serialization_roundtrip
FNDA:1,_RNvNtNtNtCsh6eLa7zxMRk_21terapia_visual_domain6domain12app_settings5testss_32test_default_language_is_spanish
FNDA:1,_RNvNtNtNtCsh6eLa7zxMRk_21terapia_visual_domain6domain12app_settings5testss_33test_language_getters_and_setters
FNF:6
FNH:6
DA:71,2
DA:72,2
DA:73,1
DA:74,1
DA:76,2
DA:127,5
DA:128,5
DA:129,5
DA:146,2
DA:147,2
DA:148,2
DA:156,1
DA:157,1
DA:158,1
DA:159,1
DA:162,1
DA:163,1
DA:164,1
DA:165,1
DA:167,1
DA:168,1
DA:170,1
DA:171,1
DA:172,1
DA:175,1
DA:176,1
DA:177,1
DA:179,1
DA:180,1
DA:181,1
DA:183,1
DA:184,1
DA:185,1
DA:186,1
BRF:0
BRH:0
LF:34
LH:34
end_of_record
SF:C:\Users\shiro\Documents\Projects\hex-terapia-visual\terapia-visual\terapia_visual_domain\src\domain\color.rs
FN:97,_RNvMNtNtCsh6eLa7zxMRk_21terapia_visual_domain6domain5colorNtB2_5Color3new
FN:128,_RNvMNtNtCsh6eLa7zxMRk_21terapia_visual_domain6domain5colorNtB2_5Color6as_str
FN:151,_RNvXs0_NtNtCsh6eLa7zxMRk_21terapia_visual_domain6domain5colorNtB5_5ColorNtNtCs9N2lWLRSIT9_4core3fmt7Display3fmt
FN:135,_RNvXs_NtNtCsh6eLa7zxMRk_21terapia_visual_domain6domain5colorNtB4_5ColorNtNtCs9N2lWLRSIT9_4core7default7Default7default
FN:161,_RNvNtNtNtCsh6eLa7zxMRk_21terapia_visual_domain6domain5color5testss_16test_valid_color
FN:197,_RNvNtNtNtCsh6eLa7zxMRk_21terapia_visual_domain6domain5color5testss_18test_color_display
FN:191,_RNvNtNtNtCsh6eLa7zxMRk_21terapia_visual_domain6domain5color5testss_18test_default_color
FN:173,_RNvNtNtNtCsh6eLa7zxMRk_21terapia_visual_domain6domain5color5testss_26test_invalid_color_no_hash
FN:185,_RNvNtNtNtCsh6eLa7zxMRk_21terapia_visual_domain6domain5color5testss_26test_invalid_color_non_hex
FN:179,_RNvNtNtNtCsh6eLa7zxMRk_21terapia_visual_domain6domain5color5testss_31test_invalid_color_wrong_length
FN:167,_RNvNtNtNtCsh6eLa7zxMRk_21terapia_visual_domain6domain5color5testss_49test_valid_color_lowercase_converted_to_uppercase
FN:111,_RNCNvMNtNtCsh6eLa7zxMRk_21terapia_visual_domain6domain5colorNtB4_5Color3new0B8_
FNDA:153,_RNvMNtNtCsh6eLa7zxMRk_21terapia_visual_domain6domain5colorNtB2_5Color3new
FNDA:8,_RNvMNtNtCsh6eLa7zxMRk_21terapia_visual_domain6domain5colorNtB2_5Color6as_str
FNDA:1,_RNvXs0_NtNtCsh6eLa7zxMRk_21terapia_visual_domain6domain5colorNtB5_5ColorNtNtCs9N2lWLRSIT9_4core3fmt7Display3fmt
FNDA:4,_RNvXs_NtNtCsh6eLa7zxMRk_21terapia_visual_domain6domain5colorNtB4_5ColorNtNtCs9N2lWLRSIT9_4core7default7Default7default
FNDA:1,_RNvNtNtNtCsh6eLa7zxMRk_21terapia_visual_domain6domain5color5testss_16test_valid_color
FNDA:1,_RNvNtNtNtCsh6eLa7zxMRk_21terapia_visual_domain6domain5color5testss_18test_color_display
FNDA:1,_RNvNtNtNtCsh6eLa7zxMRk_21terapia_visual_domain6domain5color5testss_18test_default_color
FNDA:1,_RNvNtNtNtCsh6eLa7zxMRk_21terapia_visual_domain6domain5color5testss_26test_invalid_color_no_hash
FNDA:1,_RNvNtNtNtCsh6eLa7zxMRk_21terapia_visual_domain6domain5color5testss_26test_invalid_color_non_hex
FNDA:1,_RNvNtNtNtCsh6eLa7zxMRk_21terapia_visual_domain6domain5color5testss_31test_invalid_color_wrong_length
FNDA:1,_RNvNtNtNtCsh6eLa7zxMRk_21terapia_visual_domain6domain5color5testss_49test_valid_color_lowercase_converted_to_uppercase
FNDA:901,_RNCNvMNtNtCsh6eLa7zxMRk_21terapia_visual_domain6domain5colorNtB4_5Color3new0B8_
FNF:12
FNH:12
DA:97,153
DA:98,153
DA:101,153
DA:102,1
DA:103,152
DA:105,152
DA:106,152
DA:107,1
DA:108,151
DA:111,901
DA:112,1
DA:113,150
DA:115,150
DA:116,153
DA:128,8
DA:129,8
DA:130,8
DA:135,4
DA:136,4
DA:137,4
DA:151,1
DA:152,1
DA:153,1
DA:161,1
DA:162,1
DA:163,1
DA:164,1
DA:167,1
DA:168,1
DA:169,1
DA:170,1
DA:173,1
DA:174,1
DA:175,1
DA:176,1
DA:179,1
DA:180,1
DA:181,1
DA:182,1
DA:185,1
DA:186,1
DA:187,1
DA:188,1
DA:191,1
DA:192,1
DA:193,1
DA:194,1
DA:197,1
DA:198,1
DA:200,1
DA:201,1
BRF:0
BRH:0
LF:52
LH:52
end_of_record
SF:C:\Users\shiro\Documents\Projects\hex-terapia-visual\terapia-visual\terapia_visual_domain\src\domain\geometry.rs
FN:86,_RNvMNtNtCsh6eLa7zxMRk_21terapia_visual_domain6domain8geometryNtB2_8ZoneRect3new
FNDA:36,_RNvMNtNtCsh6eLa7zxMRk_21terapia_visual_domain6domain8geometryNtB2_8ZoneRect3new
FNF:1
FNH:1
DA:86,36
DA:87,36
DA:88,36
DA:89,36
DA:90,36
DA:91,36
DA:92,36
DA:93,36
BRF:0
BRH:0
LF:8
LH:8
end_of_record
SF:C:\Users\shiro\Documents\Projects\hex-terapia-visual\terapia-visual\terapia_visual_domain\src\domain\layout.rs
FN:94,_RNvMNtNtCsh6eLa7zxMRk_21terapia_visual_domain6domain6layoutNtB2_6Layout10zone_count
FN:125,_RNvMNtNtCsh6eLa7zxMRk_21terapia_visual_domain6domain6layoutNtB2_6Layout15calculate_zones
FN:172,_RNvNtNtNtCsh6eLa7zxMRk_21terapia_visual_domain6domain6layout5testss_23test_layout_zone_counts
FN:210,_RNvNtNtNtCsh6eLa7zxMRk_21terapia_visual_domain6domain6layout5testss_23test_odd_width_handling
FN:180,_RNvNtNtNtCsh6eLa7zxMRk_21terapia_visual_domain6domain6layout5testss_32test_vertical_layout_calculation
FN:188,_RNvNtNtNtCsh6eLa7zxMRk_21terapia_visual_domain6domain6layout5testss_34test_horizontal_layout_calculation
FN:196,_RNvNtNtNtCsh6eLa7zxMRk_21terapia_visual_domain6domain6layout5testss_36test_checkerboard_layout_calculation
FN:218,_RNvNtNtNtCsh6eLa7zxMRk_21terapia_visual_domain6domain6layout5testss_40test_vertical4columns_layout_calculation
FN:234,_RNvNtNtNtCsh6eLa7zxMRk_21terapia_visual_domain6domain6layout5testss_40test_vertical4columns_odd_width_handling
FNDA:70,_RNvMNtNtCsh6eLa7zxMRk_21terapia_visual_domain6domain6layoutNtB2_6Layout10zone_count
FNDA:8,_RNvMNtNtCsh6eLa7zxMRk_21terapia_visual_domain6domain6layoutNtB2_6Layout15calculate_zones
FNDA:1,_RNvNtNtNtCsh6eLa7zxMRk_21terapia_visual_domain6domain6layout5testss_23test_layout_zone_counts
FNDA:1,_RNvNtNtNtCsh6eLa7zxMRk_21terapia_visual_domain6domain6layout5testss_23test_odd_width_handling
FNDA:1,_RNvNtNtNtCsh6eLa7zxMRk_21terapia_visual_domain6domain6layout5testss_32test_vertical_layout_calculation
FNDA:1,_RNvNtNtNtCsh6eLa7zxMRk_21terapia_visual_domain6domain6layout5testss_34test_horizontal_layout_calculation
FNDA:1,_RNvNtNtNtCsh6eLa7zxMRk_21terapia_visual_domain6domain6layout5testss_36test_checkerboard_layout_calculation
FNDA:1,_RNvNtNtNtCsh6eLa7zxMRk_21terapia_visual_domain6domain6layout5testss_40test_vertical4columns_layout_calculation
FNDA:1,_RNvNtNtNtCsh6eLa7zxMRk_21terapia_visual_domain6domain6layout5testss_40test_vertical4columns_odd_width_handling
FNF:9
FNH:9
DA:94,70
DA:95,70
DA:96,34
DA:97,19
DA:98,9
DA:99,8
DA:101,70
DA:125,8
DA:126,8
DA:128,4
DA:129,4
DA:130,4
DA:131,4
DA:135,1
DA:136,1
DA:137,1
DA:138,1
DA:143,1
DA:144,1
DA:145,1
DA:146,1
DA:147,1
DA:148,1
DA:149,1
DA:154,2
DA:156,2
DA:157,2
DA:158,2
DA:159,2
DA:160,2
DA:164,8
DA:172,1
DA:173,1
DA:174,1
DA:175,1
DA:176,1
DA:177,1
DA:180,1
DA:181,1
DA:182,1
DA:183,1
DA:184,1
DA:185,1
DA:188,1
DA:189,1
DA:190,1
DA:191,1
DA:192,1
DA:193,1
DA:196,1
DA:197,1
DA:198,1
DA:200,1
DA:202,1
DA:204,1
DA:206,1
DA:207,1
DA:210,1
DA:211,1
DA:213,1
DA:214,1
DA:215,1
DA:218,1
DA:220,1
DA:221,1
DA:224,1
DA:226,1
DA:228,1
DA:230,1
DA:231,1
DA:234,1
DA:236,1
DA:238,1
DA:239,1
DA:240,1
DA:242,1
DA:243,1
BRF:0
BRH:0
LF:77
LH:77
end_of_record
SF:C:\Users\shiro\Documents\Projects\hex-terapia-visual\terapia-visual\terapia_visual_domain\src\domain\opacity.rs
FN:48,_RNvMNtNtCsh6eLa7zxMRk_21terapia_visual_domain6domain7opacityNtB2_7Opacity3new
FN:57,_RNvMNtNtCsh6eLa7zxMRk_21terapia_visual_domain6domain7opacityNtB2_7Opacity5value
FN:73,_RNvXs0_NtNtCsh6eLa7zxMRk_21terapia_visual_domain6domain7opacityNtB5_7OpacityNtNtCs9N2lWLRSIT9_4core3fmt7Display3fmt
FN:67,_RNvXs_NtNtCsh6eLa7zxMRk_21terapia_visual_domain6domain7opacityNtB4_7OpacityNtNtCs9N2lWLRSIT9_4core7default7Default7default
FN:116,_RNvNtNtNtCsh6eLa7zxMRk_21terapia_visual_domain6domain7opacity5testss_12test_display
FN:83,_RNvNtNtNtCsh6eLa7zxMRk_21terapia_visual_domain6domain7opacity5testss_18test_valid_opacity
FN:110,_RNvNtNtNtCsh6eLa7zxMRk_21terapia_visual_domain6domain7opacity5testss_20test_default_opacity
FN:89,_RNvNtNtNtCsh6eLa7zxMRk_21terapia_visual_domain6domain7opacity5testss_23test_opacity_boundaries
FN:95,_RNvNtNtNtCsh6eLa7zxMRk_21terapia_visual_domain6domain7opacity5testss_28test_invalid_opacity_too_low
FN:101,_RNvNtNtNtCsh6eLa7zxMRk_21terapia_visual_domain6domain7opacity5testss_29test_invalid_opacity_too_high
FNDA:41,_RNvMNtNtCsh6eLa7zxMRk_21terapia_visual_domain6domain7opacityNtB2_7Opacity3new
FNDA:3,_RNvMNtNtCsh6eLa7zxMRk_21terapia_visual_domain6domain7opacityNtB2_7Opacity5value
FNDA:1,_RNvXs0_NtNtCsh6eLa7zxMRk_21terapia_visual_domain6domain7opacityNtB5_7OpacityNtNtCs9N2lWLRSIT9_4core3fmt7Display3fmt
FNDA:74,_RNvXs_NtNtCsh6eLa7zxMRk_21terapia_visual_domain6domain7opacityNtB4_7OpacityNtNtCs9N2lWLRSIT9_4core7default7Default7default
FNDA:1,_RNvNtNtNtCsh6eLa7zxMRk_21terapia_visual_domain6domain7opacity5testss_12test_display
FNDA:1,_RNvNtNtNtCsh6eLa7zxMRk_21terapia_visual_domain6domain7opacity5testss_18test_valid_opacity
FNDA:1,_RNvNtNtNtCsh6eLa7zxMRk_21terapia_visual_domain6domain7opacity5testss_20test_default_opacity
FNDA:1,_RNvNtNtNtCsh6eLa7zxMRk_21terapia_visual_domain6domain7opacity5testss_23test_opacity_boundaries
FNDA:1,_RNvNtNtNtCsh6eLa7zxMRk_21terapia_visual_domain6domain7opacity5testss_28test_invalid_opacity_too_low
FNDA:1,_RNvNtNtNtCsh6eLa7zxMRk_21terapia_visual_domain6domain7opacity5testss_29test_invalid_opacity_too_high
FNF:10
FNH:10
DA:48,41
DA:49,41
DA:50,38
DA:52,3
DA:54,41
DA:57,3
DA:58,3
DA:59,3
DA:67,74
DA:68,74
DA:69,74
DA:73,1
DA:74,1
DA:75,1
DA:83,1
DA:84,1
DA:85,1
DA:86,1
DA:89,1
DA:90,1
DA:91,1
DA:92,1
DA:95,1
DA:96,1
DA:97,1
DA:98,1
DA:101,1
DA:102,1
DA:103,1
DA:105,1
DA:106,1
DA:107,1
DA:110,1
DA:111,1
DA:112,1
DA:113,1
DA:116,1
DA:117,1
DA:118,1
DA:119,1
BRF:0
BRH:0
LF:40
LH:40
end_of_record
SF:C:\Users\shiro\Documents\Projects\hex-terapia-visual\terapia-visual\terapia_visual_domain\src\domain\overlay_therapy_config.rs
FN:370,_RNvMNtNtCsh6eLa7zxMRk_21terapia_visual_domain6domain22overlay_therapy_configNtB2_20OverlayTherapyConfig12therapy_type
FN:380,_RNvMNtNtCsh6eLa7zxMRk_21terapia_visual_domain6domain22overlay_therapy_configNtB2_20OverlayTherapyConfig12zones_config
FN:208,_RNvMNtNtCsh6eLa7zxMRk_21terapia_visual_domain6domain22overlay_therapy_configNtB2_20OverlayTherapyConfig13change_layout
FN:349,_RNvMNtNtCsh6eLa7zxMRk_21terapia_visual_domain6domain22overlay_therapy_configNtB2_20OverlayTherapyConfig13get_sync_pair
FN:408,_RNvMNtNtCsh6eLa7zxMRk_21terapia_visual_domain6domain22overlay_therapy_configNtB2_20OverlayTherapyConfig14generate_zones
FN:241,_RNvMNtNtCsh6eLa7zxMRk_21terapia_visual_domain6domain22overlay_therapy_configNtB2_20OverlayTherapyConfig16apply_sync_rules
FN:281,_RNvMNtNtCsh6eLa7zxMRk_21terapia_visual_domain6domain22overlay_therapy_configNtB2_20OverlayTherapyConfig17update_zone_color
FN:325,_RNvMNtNtCsh6eLa7zxMRk_21terapia_visual_domain6domain22overlay_therapy_configNtB2_20OverlayTherapyConfig19update_zone_opacity
FN:158,_RNvMNtNtCsh6eLa7zxMRk_21terapia_visual_domain6domain22overlay_therapy_configNtB2_20OverlayTherapyConfig3new
FN:375,_RNvMNtNtCsh6eLa7zxMRk_21terapia_visual_domain6domain22overlay_therapy_configNtB2_20OverlayTherapyConfig6layout
FN:435,_RNvXs_NtNtCsh6eLa7zxMRk_21terapia_visual_domain6domain22overlay_therapy_configNtB4_20OverlayTherapyConfigNtNtCs9N2lWLRSIT9_4core7default7Default7default
FN:455,_RNvNtNtNtCsh6eLa7zxMRk_21terapia_visual_domain6domain22overlay_therapy_config5tests16two_zones_config
FN:503,_RNvNtNtNtCsh6eLa7zxMRk_21terapia_visual_domain6domain22overlay_therapy_config5testss_19test_generate_zones
FN:473,_RNvNtNtNtCsh6eLa7zxMRk_21terapia_visual_domain6domain22overlay_therapy_config5testss_21test_new_config_valid
FN:578,_RNvNtNtNtCsh6eLa7zxMRk_21terapia_visual_domain6domain22overlay_therapy_config5testss_30test_update_zone_color_success
FN:605,_RNvNtNtNtCsh6eLa7zxMRk_21terapia_visual_domain6domain22overlay_therapy_config5testss_32test_update_zone_opacity_success
FN:525,_RNvNtNtNtCsh6eLa7zxMRk_21terapia_visual_domain6domain22overlay_therapy_config5testss_34test_change_layout_same_zone_count
FN:487,_RNvNtNtNtCsh6eLa7zxMRk_21terapia_visual_domain6domain22overlay_therapy_config5testss_34test_new_config_invalid_zone_count
FN:691,_RNvNtNtNtCsh6eLa7zxMRk_21terapia_visual_domain6domain22overlay_therapy_config5testss_34test_vertical4_syncs_color_updates
FN:586,_RNvNtNtNtCsh6eLa7zxMRk_21terapia_visual_domain6domain22overlay_therapy_config5testss_36test_update_zone_color_out_of_bounds
FN:716,_RNvNtNtNtCsh6eLa7zxMRk_21terapia_visual_domain6domain22overlay_therapy_config5testss_36test_vertical4_syncs_opacity_updates
FN:637,_RNvNtNtNtCsh6eLa7zxMRk_21terapia_visual_domain6domain22overlay_therapy_config5testss_37test_checkerboard_syncs_color_updates
FN:613,_RNvNtNtNtCsh6eLa7zxMRk_21terapia_visual_domain6domain22overlay_therapy_config5testss_38test_update_zone_opacity_out_of_bounds
FN:662,_RNvNtNtNtCsh6eLa7zxMRk_21terapia_visual_domain6domain22overlay_therapy_config5testss_39test_checkerboard_syncs_opacity_updates
FN:533,_RNvNtNtNtCsh6eLa7zxMRk_21terapia_visual_domain6domain22overlay_therapy_config5testss_48test_change_layout_truncates_when_reducing_zones
FN:558,_RNvNtNtNtCsh6eLa7zxMRk_21terapia_visual_domain6domain22overlay_therapy_config5testss_49test_change_layout_to_vertical4_expands_and_syncs
FN:542,_RNvNtNtNtCsh6eLa7zxMRk_21terapia_visual_domain6domain22overlay_therapy_config5testss_50test_change_layout_to_checkboard_expands_and_syncs
FN:596,_RNvNtNtNtCsh6eLa7zxMRk_21terapia_visual_domain6domain22overlay_therapy_config5testss_50test_update_zone_color_no_sync_for_vertical_layout
FN:744,_RNvNtNtNtCsh6eLa7zxMRk_21terapia_visual_domain6domain22overlay_therapy_config5testss_51test_get_sync_pair_returns_none_for_vertical_layout
FN:624,_RNvNtNtNtCsh6eLa7zxMRk_21terapia_visual_domain6domain22overlay_therapy_config5testss_52test_update_zone_opacity_no_sync_for_vertical_layout
FN:753,_RNvNtNtNtCsh6eLa7zxMRk_21terapia_visual_domain6domain22overlay_therapy_config5testss_53test_get_sync_pair_returns_none_for_horizontal_layout
FN:762,_RNvNtNtNtCsh6eLa7zxMRk_21terapia_visual_domain6domain22overlay_therapy_config5testss_54test_get_sync_pair_returns_none_for_out_of_range_index
FN:781,_RNvNtNtNtCsh6eLa7zxMRk_21terapia_visual_domain6domain22overlay_therapy_config5testss_63test_get_sync_pair_returns_none_for_unpaired_index_in_vertical4
FN:771,_RNvNtNtNtCsh6eLa7zxMRk_21terapia_visual_domain6domain22overlay_therapy_config5testss_66test_get_sync_pair_returns_none_for_unpaired_index_in_checkerboard
FN:413,_RNCNvMNtNtCsh6eLa7zxMRk_21terapia_visual_domain6domain22overlay_therapy_configNtB4_20OverlayTherapyConfig14generate_zones0B8_
FNDA:1,_RNvMNtNtCsh6eLa7zxMRk_21terapia_visual_domain6domain22overlay_therapy_configNtB2_20OverlayTherapyConfig12therapy_type
FNDA:37,_RNvMNtNtCsh6eLa7zxMRk_21terapia_visual_domain6domain22overlay_therapy_configNtB2_20OverlayTherapyConfig12zones_config
FNDA:13,_RNvMNtNtCsh6eLa7zxMRk_21terapia_visual_domain6domain22overlay_therapy_configNtB2_20OverlayTherapyConfig13change_layout
FNDA:30,_RNvMNtNtCsh6eLa7zxMRk_21terapia_visual_domain6domain22overlay_therapy_configNtB2_20OverlayTherapyConfig13get_sync_pair
FNDA:1,_RNvMNtNtCsh6eLa7zxMRk_21terapia_visual_domain6domain22overlay_therapy_configNtB2_20OverlayTherapyConfig14generate_zones
FNDA:13,_RNvMNtNtCsh6eLa7zxMRk_21terapia_visual_domain6domain22overlay_therapy_configNtB2_20OverlayTherapyConfig16apply_sync_rules
FNDA:11,_RNvMNtNtCsh6eLa7zxMRk_21terapia_visual_domain6domain22overlay_therapy_configNtB2_20OverlayTherapyConfig17update_zone_color
FNDA:11,_RNvMNtNtCsh6eLa7zxMRk_21terapia_visual_domain6domain22overlay_therapy_configNtB2_20OverlayTherapyConfig19update_zone_opacity
FNDA:29,_RNvMNtNtCsh6eLa7zxMRk_21terapia_visual_domain6domain22overlay_therapy_configNtB2_20OverlayTherapyConfig3new
FNDA:5,_RNvMNtNtCsh6eLa7zxMRk_21terapia_visual_domain6domain22overlay_therapy_configNtB2_20OverlayTherapyConfig6layout
FNDA:22,_RNvXs_NtNtCsh6eLa7zxMRk_21terapia_visual_domain6domain22overlay_therapy_configNtB4_20OverlayTherapyConfigNtNtCs9N2lWLRSIT9_4core7default7Default7default
FNDA:2,_RNvNtNtNtCsh6eLa7zxMRk_21terapia_visual_domain6domain22overlay_therapy_config5tests16two_zones_config
FNDA:1,_RNvNtNtNtCsh6eLa7zxMRk_21terapia_visual_domain6domain22overlay_therapy_config5testss_19test_generate_zones
FNDA:1,_RNvNtNtNtCsh6eLa7zxMRk_21terapia_visual_domain6domain22overlay_therapy_config5testss_21test_new_config_valid
FNDA:1,_RNvNtNtNtCsh6eLa7zxMRk_21terapia_visual_domain6domain22overlay_therapy_config5testss_30test_update_zone_color_success
FNDA:1,_RNvNtNtNtCsh6eLa7zxMRk_21terapia_visual_domain6domain22overlay_therapy_config5testss_32test_update_zone_opacity_success
FNDA:1,_RNvNtNtNtCsh6eLa7zxMRk_21terapia_visual_domain6domain22overlay_therapy_config5testss_34test_change_layout_same_zone_count
FNDA:1,_RNvNtNtNtCsh6eLa7zxMRk_21terapia_visual_domain6domain22overlay_therapy_config5testss_34test_new_config_invalid_zone_count
FNDA:1,_RNvNtNtNtCsh6eLa7zxMRk_21terapia_visual_domain6domain22overlay_therapy_config5testss_34test_vertical4_syncs_color_updates
FNDA:1,_RNvNtNtNtCsh6eLa7zxMRk_21terapia_visual_domain6domain22overlay_therapy_config5testss_36test_update_zone_color_out_of_bounds
FNDA:1,_RNvNtNtNtCsh6eLa7zxMRk_21terapia_visual_domain6domain22overlay_therapy_config5testss_36test_vertical4_syncs_opacity_updates
FNDA:1,_RNvNtNtNtCsh6eLa7zxMRk_21terapia_visual_domain6domain22overlay_therapy_config5testss_37test_checkerboard_syncs_color_updates
FNDA:1,_RNvNtNtNtCsh6eLa7zxMRk_21terapia_visual_domain6domain22overlay_therapy_config5testss_38test_update_zone_opacity_out_of_bounds
FNDA:1,_RNvNtNtNtCsh6eLa7zxMRk_21terapia_visual_domain6domain22overlay_therapy_config5testss_39test_checkerboard_syncs_opacity_updates
FNDA:1,_RNvNtNtNtCsh6eLa7zxMRk_21terapia_visual_domain6domain22overlay_therapy_config5testss_48test_change_layout_truncates_when_reducing_zones
FNDA:1,_RNvNtNtNtCsh6eLa7zxMRk_21terapia_visual_domain6domain22overlay_therapy_config5testss_49test_change_layout_to_vertical4_expands_and_syncs
FNDA:1,_RNvNtNtNtCsh6eLa7zxMRk_21terapia_visual_domain6domain22overlay_therapy_config5testss_50test_change_layout_to_checkboard_expands_and_syncs
FNDA:1,_RNvNtNtNtCsh6eLa7zxMRk_21terapia_visual_domain6domain22overlay_therapy_config5testss_50test_update_zone_color_no_sync_for_vertical_layout
FNDA:1,_RNvNtNtNtCsh6eLa7zxMRk_21terapia_visual_domain6domain22overlay_therapy_config5testss_51test_get_sync_pair_returns_none_for_vertical_layout
FNDA:1,_RNvNtNtNtCsh6eLa7zxMRk_21terapia_visual_domain6domain22overlay_therapy_config5testss_52test_update_zone_opacity_no_sync_for_vertical_layout
FNDA:1,_RNvNtNtNtCsh6eLa7zxMRk_21terapia_visual_domain6domain22overlay_therapy_config5testss_53test_get_sync_pair_returns_none_for_horizontal_layout
FNDA:1,_RNvNtNtNtCsh6eLa7zxMRk_21terapia_visual_domain6domain22overlay_therapy_config5testss_54test_get_sync_pair_returns_none_for_out_of_range_index
FNDA:1,_RNvNtNtNtCsh6eLa7zxMRk_21terapia_visual_domain6domain22overlay_therapy_config5testss_63test_get_sync_pair_returns_none_for_unpaired_index_in_vertical4
FNDA:1,_RNvNtNtNtCsh6eLa7zxMRk_21terapia_visual_domain6domain22overlay_therapy_config5testss_66test_get_sync_pair_returns_none_for_unpaired_index_in_checkerboard
FNDA:2,_RNCNvMNtNtCsh6eLa7zxMRk_21terapia_visual_domain6domain22overlay_therapy_configNtB4_20OverlayTherapyConfig14generate_zones0B8_
FNF:35
FNH:35
DA:158,29
DA:159,29
DA:160,29
DA:161,29
DA:162,29
DA:163,29
DA:165,29
DA:166,29
DA:167,29
DA:168,1
DA:169,1
DA:170,1
DA:171,1
DA:172,28
DA:173,28
DA:174,28
DA:175,28
DA:176,28
DA:177,28
DA:180,29
DA:208,13
DA:209,13
DA:210,13
DA:212,13
DA:213,9
DA:214,27
DA:215,18
DA:216,18
DA:217,18
DA:218,18
DA:219,9
DA:220,4
DA:221,1
DA:222,3
DA:224,13
DA:227,13
DA:228,13
DA:241,13
DA:242,13
DA:243,5
DA:244,5
DA:245,5
DA:246,5
DA:247,4
DA:248,4
DA:249,4
DA:250,4
DA:251,4
DA:253,13
DA:281,11
DA:282,11
DA:283,11
DA:284,11
DA:285,11
DA:286,11
DA:287,1
DA:288,10
DA:290,10
DA:292,10
DA:293,8
DA:294,8
DA:296,10
DA:297,11
DA:325,11
DA:326,11
DA:327,11
DA:328,11
DA:329,11
DA:330,11
DA:331,1
DA:332,10
DA:334,10
DA:336,10
DA:337,8
DA:338,8
DA:340,10
DA:341,11
DA:349,30
DA:350,30
DA:351,10
DA:352,2
DA:353,2
DA:354,2
DA:355,2
DA:356,2
DA:358,10
DA:359,2
DA:360,2
DA:361,2
DA:362,2
DA:363,2
DA:365,10
DA:367,30
DA:370,1
DA:371,1
DA:372,1
DA:375,5
DA:376,5
DA:377,5
DA:380,37
DA:381,37
DA:382,37
DA:408,1
DA:409,1
DA:410,1
DA:411,1
DA:412,1
DA:413,2
DA:414,1
DA:415,1
DA:435,22
DA:436,22
DA:437,22
DA:438,22
DA:439,22
DA:440,22
DA:441,22
DA:442,22
DA:443,22
DA:444,22
DA:446,22
DA:447,22
DA:448,22
DA:455,2
DA:456,2
DA:457,2
DA:458,2
DA:459,2
DA:460,2
DA:461,2
DA:462,2
DA:463,2
DA:464,2
DA:466,2
DA:473,1
DA:474,1
DA:475,1
DA:476,1
DA:477,1
DA:479,1
DA:480,1
DA:481,1
DA:482,1
DA:483,1
DA:484,1
DA:487,1
DA:488,1
DA:489,1
DA:490,1
DA:491,1
DA:492,1
DA:493,1
DA:500,1
DA:503,1
DA:504,1
DA:505,1
DA:506,1
DA:507,1
DA:509,1
DA:510,1
DA:511,1
DA:512,1
DA:513,1
DA:514,1
DA:515,1
DA:516,1
DA:517,1
DA:518,1
DA:525,1
DA:526,1
DA:527,1
DA:528,1
DA:529,1
DA:530,1
DA:533,1
DA:534,1
DA:535,1
DA:536,1
DA:537,1
DA:538,1
DA:539,1
DA:542,1
DA:543,1
DA:544,1
DA:545,1
DA:546,1
DA:547,1
DA:548,1
DA:549,1
DA:551,1
DA:552,1
DA:553,1
DA:555,1
DA:558,1
DA:559,1
DA:560,1
DA:561,1
DA:562,1
DA:563,1
DA:564,1
DA:565,1
DA:567,1
DA:568,1
DA:569,1
DA:571,1
DA:578,1
DA:579,1
DA:580,1
DA:581,1
DA:582,1
DA:583,1
DA:586,1
DA:587,1
DA:588,1
DA:589,1
DA:590,1
DA:593,1
DA:596,1
DA:597,1
DA:598,1
DA:599,1
DA:600,1
DA:601,1
DA:602,1
DA:605,1
DA:606,1
DA:607,1
DA:608,1
DA:609,1
DA:610,1
DA:613,1
DA:614,1
DA:615,1
DA:617,1
DA:618,1
DA:621,1
DA:624,1
DA:625,1
DA:626,1
DA:627,1
DA:628,1
DA:629,1
DA:630,1
DA:637,1
DA:638,1
DA:639,1
DA:641,1
DA:642,1
DA:643,1
DA:644,1
DA:647,1
DA:648,1
DA:650,1
DA:651,1
DA:654,1
DA:655,1
DA:657,1
DA:658,1
DA:659,1
DA:662,1
DA:663,1
DA:664,1
DA:666,1
DA:667,1
DA:668,1
DA:669,1
DA:672,1
DA:673,1
DA:675,1
DA:676,1
DA:679,1
DA:680,1
DA:682,1
DA:683,1
DA:684,1
DA:691,1
DA:692,1
DA:693,1
DA:695,1
DA:696,1
DA:697,1
DA:698,1
DA:701,1
DA:702,1
DA:704,1
DA:705,1
DA:708,1
DA:709,1
DA:711,1
DA:712,1
DA:713,1
DA:716,1
DA:717,1
DA:718,1
DA:720,1
DA:721,1
DA:722,1
DA:723,1
DA:726,1
DA:727,1
DA:729,1
DA:730,1
DA:733,1
DA:734,1
DA:736,1
DA:737,1
DA:738,1
DA:744,1
DA:745,1
DA:747,2
DA:748,2
DA:750,1
DA:753,1
DA:754,1
DA:755,1
DA:756,2
DA:757,2
DA:759,1
DA:762,1
DA:763,1
DA:766,1
DA:767,1
DA:768,1
DA:771,1
DA:772,1
DA:773,1
DA:776,1
DA:777,1
DA:778,1
DA:781,1
DA:782,1
DA:783,1
DA:786,1
DA:787,1
DA:788,1
BRF:0
BRH:0
LF:336
LH:336
end_of_record
SF:C:\Users\shiro\Documents\Projects\hex-terapia-visual\terapia-visual\terapia_visual_domain\src\domain\reading_settings.rs
FN:39,_RNvNtNtNtCsh6eLa7zxMRk_21terapia_visual_domain6domain16reading_settings5testss_29test_reading_settings_default
FN:24,_RNvXNtNtCsh6eLa7zxMRk_21terapia_visual_domain6domain16reading_settingsNtB2_15ReadingSettingsNtNtCs9N2lWLRSIT9_4core7default7Default7default
FNDA:1,_RNvNtNtNtCsh6eLa7zxMRk_21terapia_visual_domain6domain16reading_settings5testss_29test_reading_settings_default
FNDA:19,_RNvXNtNtCsh6eLa7zxMRk_21terapia_visual_domain6domain16reading_settingsNtB2_15ReadingSettingsNtNtCs9N2lWLRSIT9_4core7default7Default7default
FNF:2
FNH:2
DA:24,19
DA:25,19
DA:26,19
DA:27,19
DA:28,19
DA:29,19
DA:30,19
DA:31,19
DA:39,1
DA:40,1
DA:41,1
DA:42,1
DA:43,1
DA:44,1
BRF:0
BRH:0
LF:14
LH:14
end_of_record
SF:C:\Users\shiro\Documents\Projects\hex-terapia-visual\terapia-visual\terapia_visual_domain\src\domain\reading_therapy_config.rs
FN:148,_RNvMNtNtCsh6eLa7zxMRk_21terapia_visual_domain6domain22reading_therapy_configNtB2_20ReadingTherapyConfig12zones_config
FN:46,_RNvMNtNtCsh6eLa7zxMRk_21terapia_visual_domain6domain22reading_therapy_configNtB2_20ReadingTherapyConfig13change_layout
FN:119,_RNvMNtNtCsh6eLa7zxMRk_21terapia_visual_domain6domain22reading_therapy_configNtB2_20ReadingTherapyConfig13get_sync_pair
FN:156,_RNvMNtNtCsh6eLa7zxMRk_21terapia_visual_domain6domain22reading_therapy_configNtB2_20ReadingTherapyConfig14generate_zones
FN:66,_RNvMNtNtCsh6eLa7zxMRk_21terapia_visual_domain6domain22reading_therapy_configNtB2_20ReadingTherapyConfig16apply_sync_rules
FN:152,_RNvMNtNtCsh6eLa7zxMRk_21terapia_visual_domain6domain22reading_therapy_configNtB2_20ReadingTherapyConfig16reading_settings
FN:81,_RNvMNtNtCsh6eLa7zxMRk_21terapia_visual_domain6domain22reading_therapy_configNtB2_20ReadingTherapyConfig17update_zone_color
FN:100,_RNvMNtNtCsh6eLa7zxMRk_21terapia_visual_domain6domain22reading_therapy_configNtB2_20ReadingTherapyConfig19update_zone_opacity
FN:140,_RNvMNtNtCsh6eLa7zxMRk_21terapia_visual_domain6domain22reading_therapy_configNtB2_20ReadingTherapyConfig23update_reading_settings
FN:25,_RNvMNtNtCsh6eLa7zxMRk_21terapia_visual_domain6domain22reading_therapy_configNtB2_20ReadingTherapyConfig3new
FN:144,_RNvMNtNtCsh6eLa7zxMRk_21terapia_visual_domain6domain22reading_therapy_configNtB2_20ReadingTherapyConfig6layout
FN:170,_RNvXs_NtNtCsh6eLa7zxMRk_21terapia_visual_domain6domain22reading_therapy_configNtB4_20ReadingTherapyConfigNtNtCs9N2lWLRSIT9_4core7default7Default7default
FN:194,_RNvNtNtNtCsh6eLa7zxMRk_21terapia_visual_domain6domain22reading_therapy_config5tests16two_zones_config
FN:261,_RNvNtNtNtCsh6eLa7zxMRk_21terapia_visual_domain6domain22reading_therapy_config5testss_19test_generate_zones
FN:234,_RNvNtNtNtCsh6eLa7zxMRk_21terapia_visual_domain6domain22reading_therapy_config5testss_21test_new_config_valid
FN:212,_RNvNtNtNtCsh6eLa7zxMRk_21terapia_visual_domain6domain22reading_therapy_config5testss_28test_reading_config_creation
FN:245,_RNvNtNtNtCsh6eLa7zxMRk_21terapia_visual_domain6domain22reading_therapy_config5testss_34test_new_config_invalid_zone_count
FN:220,_RNvNtNtNtCsh6eLa7zxMRk_21terapia_visual_domain6domain22reading_therapy_config5testss_35test_reading_config_update_settings
FN:386,_RNvNtNtNtCsh6eLa7zxMRk_21terapia_visual_domain6domain22reading_therapy_config5testss_40test_vertical4_syncs_updates_and_reverse
FN:337,_RNvNtNtNtCsh6eLa7zxMRk_21terapia_visual_domain6domain22reading_therapy_config5testss_42test_updates_no_sync_for_horizontal_layout
FN:356,_RNvNtNtNtCsh6eLa7zxMRk_21terapia_visual_domain6domain22reading_therapy_config5testss_43test_checkerboard_syncs_updates_and_reverse
FN:279,_RNvNtNtNtCsh6eLa7zxMRk_21terapia_visual_domain6domain22reading_therapy_config5testss_48test_change_layout_truncates_when_reducing_zones
FN:309,_RNvNtNtNtCsh6eLa7zxMRk_21terapia_visual_domain6domain22reading_therapy_config5testss_48test_update_zone_color_success_and_out_of_bounds
FN:288,_RNvNtNtNtCsh6eLa7zxMRk_21terapia_visual_domain6domain22reading_therapy_config5testss_49test_change_layout_to_vertical4_expands_and_syncs
FN:323,_RNvNtNtNtCsh6eLa7zxMRk_21terapia_visual_domain6domain22reading_therapy_config5testss_50test_update_zone_opacity_success_and_out_of_bounds
FN:415,_RNvNtNtNtCsh6eLa7zxMRk_21terapia_visual_domain6domain22reading_therapy_config5testss_51test_get_sync_pair_returns_none_for_vertical_layout
FN:428,_RNvNtNtNtCsh6eLa7zxMRk_21terapia_visual_domain6domain22reading_therapy_config5testss_53test_get_sync_pair_returns_none_for_horizontal_layout
FN:436,_RNvNtNtNtCsh6eLa7zxMRk_21terapia_visual_domain6domain22reading_therapy_config5testss_54test_get_sync_pair_returns_none_for_out_of_range_index
FN:451,_RNvNtNtNtCsh6eLa7zxMRk_21terapia_visual_domain6domain22reading_therapy_config5testss_63test_get_sync_pair_returns_none_for_unpaired_index_in_vertical4
FN:443,_RNvNtNtNtCsh6eLa7zxMRk_21terapia_visual_domain6domain22reading_therapy_config5testss_66test_get_sync_pair_returns_none_for_unpaired_index_in_checkerboard
FN:161,_RNCNvMNtNtCsh6eLa7zxMRk_21terapia_visual_domain6domain22reading_therapy_configNtB4_20ReadingTherapyConfig14generate_zones0B8_
FNDA:23,_RNvMNtNtCsh6eLa7zxMRk_21terapia_visual_domain6domain22reading_therapy_configNtB2_20ReadingTherapyConfig12zones_config
FNDA:7,_RNvMNtNtCsh6eLa7zxMRk_21terapia_visual_domain6domain22reading_therapy_configNtB2_20ReadingTherapyConfig13change_layout
FNDA:22,_RNvMNtNtCsh6eLa7zxMRk_21terapia_visual_domain6domain22reading_therapy_configNtB2_20ReadingTherapyConfig13get_sync_pair
FNDA:1,_RNvMNtNtCsh6eLa7zxMRk_21terapia_visual_domain6domain22reading_therapy_configNtB2_20ReadingTherapyConfig14generate_zones
FNDA:7,_RNvMNtNtCsh6eLa7zxMRk_21terapia_visual_domain6domain22reading_therapy_configNtB2_20ReadingTherapyConfig16apply_sync_rules
FNDA:2,_RNvMNtNtCsh6eLa7zxMRk_21terapia_visual_domain6domain22reading_therapy_configNtB2_20ReadingTherapyConfig16reading_settings
FNDA:7,_RNvMNtNtCsh6eLa7zxMRk_21terapia_visual_domain6domain22reading_therapy_configNtB2_20ReadingTherapyConfig17update_zone_color
FNDA:7,_RNvMNtNtCsh6eLa7zxMRk_21terapia_visual_domain6domain22reading_therapy_configNtB2_20ReadingTherapyConfig19update_zone_opacity
FNDA:1,_RNvMNtNtCsh6eLa7zxMRk_21terapia_visual_domain6domain22reading_therapy_configNtB2_20ReadingTherapyConfig23update_reading_settings
FNDA:17,_RNvMNtNtCsh6eLa7zxMRk_21terapia_visual_domain6domain22reading_therapy_configNtB2_20ReadingTherapyConfig3new
FNDA:4,_RNvMNtNtCsh6eLa7zxMRk_21terapia_visual_domain6domain22reading_therapy_configNtB2_20ReadingTherapyConfig6layout
FNDA:13,_RNvXs_NtNtCsh6eLa7zxMRk_21terapia_visual_domain6domain22reading_therapy_configNtB4_20ReadingTherapyConfigNtNtCs9N2lWLRSIT9_4core7default7Default7default
FNDA:3,_RNvNtNtNtCsh6eLa7zxMRk_21terapia_visual_domain6domain22reading_therapy_config5tests16two_zones_config
FNDA:1,_RNvNtNtNtCsh6eLa7zxMRk_21terapia_visual_domain6domain22reading_therapy_config5testss_19test_generate_zones
FNDA:1,_RNvNtNtNtCsh6eLa7zxMRk_21terapia_visual_domain6domain22reading_therapy_config5testss_21test_new_config_valid
FNDA:1,_RNvNtNtNtCsh6eLa7zxMRk_21terapia_visual_domain6domain22reading_therapy_config5testss_28test_reading_config_creation
FNDA:1,_RNvNtNtNtCsh6eLa7zxMRk_21terapia_visual_domain6domain22reading_therapy_config5testss_34test_new_config_invalid_zone_count
FNDA:1,_RNvNtNtNtCsh6eLa7zxMRk_21terapia_visual_domain6domain22reading_therapy_config5testss_35test_reading_config_update_settings
FNDA:1,_RNvNtNtNtCsh6eLa7zxMRk_21terapia_visual_domain6domain22reading_therapy_config5testss_40test_vertical4_syncs_updates_and_reverse
FNDA:1,_RNvNtNtNtCsh6eLa7zxMRk_21terapia_visual_domain6domain22reading_therapy_config5testss_42test_updates_no_sync_for_horizontal_layout
FNDA:1,_RNvNtNtNtCsh6eLa7zxMRk_21terapia_visual_domain6domain22reading_therapy_config5testss_43test_checkerboard_syncs_updates_and_reverse
FNDA:1,_RNvNtNtNtCsh6eLa7zxMRk_21terapia_visual_domain6domain22reading_therapy_config5testss_48test_change_layout_truncates_when_reducing_zones
FNDA:1,_RNvNtNtNtCsh6eLa7zxMRk_21terapia_visual_domain6domain22reading_therapy_config5testss_48test_update_zone_color_success_and_out_of_bounds
FNDA:1,_RNvNtNtNtCsh6eLa7zxMRk_21terapia_visual_domain6domain22reading_therapy_config5testss_49test_change_layout_to_vertical4_expands_and_syncs
FNDA:1,_RNvNtNtNtCsh6eLa7zxMRk_21terapia_visual_domain6domain22reading_therapy_config5testss_50test_update_zone_opacity_success_and_out_of_bounds
FNDA:1,_RNvNtNtNtCsh6eLa7zxMRk_21terapia_visual_domain6domain22reading_therapy_config5testss_51test_get_sync_pair_returns_none_for_vertical_layout
FNDA:1,_RNvNtNtNtCsh6eLa7zxMRk_21terapia_visual_domain6domain22reading_therapy_config5testss_53test_get_sync_pair_returns_none_for_horizontal_layout
FNDA:1,_RNvNtNtNtCsh6eLa7zxMRk_21terapia_visual_domain6domain22reading_therapy_config5testss_54test_get_sync_pair_returns_none_for_out_of_range_index
FNDA:1,_RNvNtNtNtCsh6eLa7zxMRk_21terapia_visual_domain6domain22reading_therapy_config5testss_63test_get_sync_pair_returns_none_for_unpaired_index_in_vertical4
FNDA:1,_RNvNtNtNtCsh6eLa7zxMRk_21terapia_visual_domain6domain22reading_therapy_config5testss_66test_get_sync_pair_returns_none_for_unpaired_index_in_checkerboard
FNDA:2,_RNCNvMNtNtCsh6eLa7zxMRk_21terapia_visual_domain6domain22reading_therapy_configNtB4_20ReadingTherapyConfig14generate_zones0B8_
FNF:31
FNH:31
DA:25,17
DA:26,17
DA:27,17
DA:28,17
DA:29,17
DA:30,17
DA:31,17
DA:32,17
DA:33,1
DA:34,1
DA:35,1
DA:36,1
DA:37,16
DA:38,16
DA:39,16
DA:40,16
DA:41,16
DA:42,16
DA:43,17
DA:46,7
DA:47,7
DA:48,7
DA:50,7
DA:51,6
DA:52,18
DA:53,12
DA:54,12
DA:55,12
DA:56,6
DA:57,1
DA:58,1
DA:59,1
DA:61,7
DA:62,7
DA:63,7
DA:66,7
DA:67,7
DA:68,3
DA:69,3
DA:70,3
DA:71,3
DA:72,3
DA:73,3
DA:74,3
DA:75,3
DA:76,1
DA:78,7
DA:81,7
DA:82,7
DA:83,7
DA:84,7
DA:85,7
DA:86,7
DA:87,1
DA:88,6
DA:90,6
DA:92,6
DA:93,4
DA:94,4
DA:96,6
DA:97,7
DA:100,7
DA:101,7
DA:102,7
DA:103,7
DA:104,7
DA:105,7
DA:106,1
DA:107,6
DA:109,6
DA:111,6
DA:112,4
DA:113,4
DA:115,6
DA:116,7
DA:119,22
DA:120,22
DA:121,6
DA:122,1
DA:123,1
DA:124,1
DA:125,1
DA:126,2
DA:128,6
DA:129,1
DA:130,1
DA:131,1
DA:132,1
DA:133,2
DA:135,10
DA:137,22
DA:140,1
DA:141,1
DA:142,1
DA:144,4
DA:145,4
DA:146,4
DA:148,23
DA:149,23
DA:150,23
DA:152,2
DA:153,2
DA:154,2
DA:156,1
DA:157,1
DA:158,1
DA:159,1
DA:160,1
DA:161,2
DA:162,1
DA:163,1
DA:170,13
DA:171,13
DA:172,13
DA:173,13
DA:174,13
DA:175,13
DA:176,13
DA:177,13
DA:178,13
DA:179,13
DA:181,13
DA:182,13
DA:183,13
DA:184,13
DA:186,13
DA:187,13
DA:194,3
DA:195,3
DA:196,3
DA:197,3
DA:198,3
DA:199,3
DA:200,3
DA:201,3
DA:202,3
DA:203,3
DA:205,3
DA:212,1
DA:213,1
DA:214,1
DA:215,1
DA:216,1
DA:217,1
DA:220,1
DA:221,1
DA:222,1
DA:223,1
DA:225,1
DA:226,1
DA:227,1
DA:234,1
DA:235,1
DA:236,1
DA:237,1
DA:238,1
DA:240,1
DA:241,1
DA:242,1
DA:245,1
DA:246,1
DA:247,1
DA:248,1
DA:249,1
DA:250,1
DA:251,1
DA:258,1
DA:261,1
DA:262,1
DA:263,1
DA:264,1
DA:265,1
DA:267,1
DA:268,1
DA:269,1
DA:270,1
DA:271,1
DA:272,1
DA:279,1
DA:280,1
DA:281,1
DA:282,1
DA:283,1
DA:284,1
DA:285,1
DA:288,1
DA:289,1
DA:290,1
DA:291,1
DA:292,1
DA:294,1
DA:295,1
DA:296,1
DA:298,1
DA:299,1
DA:300,1
DA:302,1
DA:309,1
DA:310,1
DA:311,1
DA:313,1
DA:314,1
DA:316,1
DA:317,1
DA:320,1
DA:323,1
DA:324,1
DA:325,1
DA:327,1
DA:328,1
DA:330,1
DA:331,1
DA:334,1
DA:337,1
DA:338,1
DA:339,1
DA:340,1
DA:342,1
DA:343,1
DA:345,1
DA:346,1
DA:347,1
DA:348,1
DA:349,1
DA:356,1
DA:357,1
DA:358,1
DA:360,1
DA:361,1
DA:362,1
DA:365,1
DA:366,1
DA:369,1
DA:370,1
DA:373,1
DA:374,1
DA:377,1
DA:378,1
DA:379,1
DA:386,1
DA:387,1
DA:388,1
DA:390,1
DA:391,1
DA:394,1
DA:395,1
DA:398,1
DA:399,1
DA:402,1
DA:403,1
DA:406,1
DA:407,1
DA:408,1
DA:415,1
DA:416,1
DA:417,1
DA:418,1
DA:419,1
DA:421,1
DA:422,2
DA:423,2
DA:425,1
DA:428,1
DA:429,1
DA:430,2
DA:431,2
DA:433,1
DA:436,1
DA:437,1
DA:438,1
DA:439,1
DA:440,1
DA:443,1
DA:444,1
DA:445,1
DA:446,1
DA:447,1
DA:448,1
DA:451,1
DA:452,1
DA:453,1
DA:454,1
DA:455,1
DA:456,1
BRF:0
BRH:0
LF:285
LH:285
end_of_record
SF:C:\Users\shiro\Documents\Projects\hex-terapia-visual\terapia-visual\terapia_visual_domain\src\domain\zone.rs
FN:97,_RNvMNtNtCsh6eLa7zxMRk_21terapia_visual_domain6domain4zoneNtB2_4Zone3new
FN:122,_RNvMNtNtCsh6eLa7zxMRk_21terapia_visual_domain6domain4zoneNtB2_4Zone4rect
FN:142,_RNvMNtNtCsh6eLa7zxMRk_21terapia_visual_domain6domain4zoneNtB2_4Zone5color
FN:162,_RNvMNtNtCsh6eLa7zxMRk_21terapia_visual_domain6domain4zoneNtB2_4Zone7opacity
FN:201,_RNvMNtNtCsh6eLa7zxMRk_21terapia_visual_domain6domain4zoneNtB2_4Zone8contains
FN:216,_RNvNtNtNtCsh6eLa7zxMRk_21terapia_visual_domain6domain4zone5testss_18test_zone_creation
FN:228,_RNvNtNtNtCsh6eLa7zxMRk_21terapia_visual_domain6domain4zone5testss_24test_zone_contains_point
FNDA:6,_RNvMNtNtCsh6eLa7zxMRk_21terapia_visual_domain6domain4zoneNtB2_4Zone3new
FNDA:6,_RNvMNtNtCsh6eLa7zxMRk_21terapia_visual_domain6domain4zoneNtB2_4Zone4rect
FNDA:4,_RNvMNtNtCsh6eLa7zxMRk_21terapia_visual_domain6domain4zoneNtB2_4Zone5color
FNDA:1,_RNvMNtNtCsh6eLa7zxMRk_21terapia_visual_domain6domain4zoneNtB2_4Zone7opacity
FNDA:7,_RNvMNtNtCsh6eLa7zxMRk_21terapia_visual_domain6domain4zoneNtB2_4Zone8contains
FNDA:1,_RNvNtNtNtCsh6eLa7zxMRk_21terapia_visual_domain6domain4zone5testss_18test_zone_creation
FNDA:1,_RNvNtNtNtCsh6eLa7zxMRk_21terapia_visual_domain6domain4zone5testss_24test_zone_contains_point
FNF:7
FNH:7
DA:97,6
DA:98,6
DA:99,6
DA:100,6
DA:101,6
DA:102,6
DA:103,6
DA:122,6
DA:123,6
DA:124,6
DA:142,4
DA:143,4
DA:144,4
DA:162,1
DA:163,1
DA:164,1
DA:201,7
DA:202,7
DA:203,6
DA:204,5
DA:205,4
DA:206,7
DA:216,1
DA:217,1
DA:218,1
DA:219,1
DA:221,1
DA:222,1
DA:223,1
DA:224,1
DA:225,1
DA:228,1
DA:229,1
DA:230,1
DA:231,1
DA:232,1
DA:235,1
DA:236,1
DA:237,1
DA:239,1
DA:240,1
DA:241,1
DA:242,1
DA:243,1
BRF:0
BRH:0
LF:44
LH:44
end_of_record
SF:C:\Users\shiro\Documents\Projects\hex-terapia-visual\terapia-visual\terapia_visual_domain\src\use_cases\get_app_settings.rs
FN:50,_RNCNvNtNtCsh6eLa7zxMRk_21terapia_visual_domain9use_cases16get_app_settings16get_app_settings0B7_
FN:72,_RNCNvNtNtNtCsh6eLa7zxMRk_21terapia_visual_domain9use_cases16get_app_settings5testss_36test_get_app_settings_returns_stored0B9_
FN:62,_RNCNvNtNtNtCsh6eLa7zxMRk_21terapia_visual_domain9use_cases16get_app_settings5testss_46test_get_app_settings_returns_default_on_error0B9_
FN:50,_RNvNtNtCsh6eLa7zxMRk_21terapia_visual_domain9use_cases16get_app_settings16get_app_settings
FN:72,_RNvNtNtNtCsh6eLa7zxMRk_21terapia_visual_domain9use_cases16get_app_settings5testss_36test_get_app_settings_returns_stored
FN:62,_RNvNtNtNtCsh6eLa7zxMRk_21terapia_visual_domain9use_cases16get_app_settings5testss_46test_get_app_settings_returns_default_on_error
FNDA:2,_RNCNvNtNtCsh6eLa7zxMRk_21terapia_visual_domain9use_cases16get_app_settings16get_app_settings0B7_
FNDA:1,_RNCNvNtNtNtCsh6eLa7zxMRk_21terapia_visual_domain9use_cases16get_app_settings5testss_36test_get_app_settings_returns_stored0B9_
FNDA:1,_RNCNvNtNtNtCsh6eLa7zxMRk_21terapia_visual_domain9use_cases16get_app_settings5testss_46test_get_app_settings_returns_default_on_error0B9_
FNDA:2,_RNvNtNtCsh6eLa7zxMRk_21terapia_visual_domain9use_cases16get_app_settings16get_app_settings
FNDA:1,_RNvNtNtNtCsh6eLa7zxMRk_21terapia_visual_domain9use_cases16get_app_settings5testss_36test_get_app_settings_returns_stored
FNDA:1,_RNvNtNtNtCsh6eLa7zxMRk_21terapia_visual_domain9use_cases16get_app_settings5testss_46test_get_app_settings_returns_default_on_error
FNF:6
FNH:6
DA:50,2
DA:51,2
DA:52,2
DA:62,1
DA:63,1
DA:64,1
DA:65,1
DA:66,1
DA:67,1
DA:68,1
DA:69,1
DA:72,1
DA:73,1
DA:74,1
DA:75,1
DA:76,1
DA:77,1
DA:78,1
DA:79,1
DA:80,1
DA:81,1
DA:82,1
BRF:0
BRH:0
LF:27
LH:27
end_of_record
SF:C:\Users\shiro\Documents\Projects\hex-terapia-visual\terapia-visual\terapia_visual_domain\src\use_cases\get_overlay_therapy.rs
FN:76,_RNvNtNtNtCsh6eLa7zxMRk_21terapia_visual_domain9use_cases19get_overlay_therapy5testss_38test_get_therapy_config_returns_stored
FN:63,_RNvNtNtNtCsh6eLa7zxMRk_21terapia_visual_domain9use_cases19get_overlay_therapy5testss_48test_get_therapy_config_returns_default_on_error
FN:52,_RNCNvNtNtCsh6eLa7zxMRk_21terapia_visual_domain9use_cases19get_overlay_therapy19get_overlay_therapy0B7_
FN:76,_RNCNvNtNtNtCsh6eLa7zxMRk_21terapia_visual_domain9use_cases19get_overlay_therapy5testss_38test_get_therapy_config_returns_stored0B9_
FN:63,_RNCNvNtNtNtCsh6eLa7zxMRk_21terapia_visual_domain9use_cases19get_overlay_therapy5testss_48test_get_therapy_config_returns_default_on_error0B9_
FN:50,_RNvNtNtCsh6eLa7zxMRk_21terapia_visual_domain9use_cases19get_overlay_therapy19get_overlay_therapy
FNDA:1,_RNvNtNtNtCsh6eLa7zxMRk_21terapia_visual_domain9use_cases19get_overlay_therapy5testss_38test_get_therapy_config_returns_stored
FNDA:1,_RNvNtNtNtCsh6eLa7zxMRk_21terapia_visual_domain9use_cases19get_overlay_therapy5testss_48test_get_therapy_config_returns_default_on_error
FNDA:2,_RNCNvNtNtCsh6eLa7zxMRk_21terapia_visual_domain9use_cases19get_overlay_therapy19get_overlay_therapy0B7_
FNDA:1,_RNCNvNtNtNtCsh6eLa7zxMRk_21terapia_visual_domain9use_cases19get_overlay_therapy5testss_38test_get_therapy_config_returns_stored0B9_
FNDA:1,_RNCNvNtNtNtCsh6eLa7zxMRk_21terapia_visual_domain9use_cases19get_overlay_therapy5testss_48test_get_therapy_config_returns_default_on_error0B9_
FNDA:2,_RNvNtNtCsh6eLa7zxMRk_21terapia_visual_domain9use_cases19get_overlay_therapy19get_overlay_therapy
FNF:6
FNH:6
DA:50,2
DA:51,2
DA:52,2
DA:53,2
DA:54,2
DA:63,1
DA:64,1
DA:65,1
DA:66,1
DA:67,1
DA:68,1
DA:70,1
DA:72,1
DA:73,1
DA:76,1
DA:78,1
DA:79,1
DA:82,1
DA:83,1
DA:84,1
DA:85,1
DA:86,1
DA:88,1
DA:91,1
DA:92,1
BRF:0
BRH:0
LF:30
LH:30
end_of_record
SF:C:\Users\shiro\Documents\Projects\hex-terapia-visual\terapia-visual\terapia_visual_domain\src\use_cases\mocks.rs
FN:102,_RNvXs0_NtNtCsh6eLa7zxMRk_21terapia_visual_domain9use_cases5mocksNtB5_11MockOverlayNtNtNtB9_5ports7overlay11OverlayPort13update_config
FN:87,_RNvXs0_NtNtCsh6eLa7zxMRk_21terapia_visual_domain9use_cases5mocksNtB5_11MockOverlayNtNtNtB9_5ports7overlay11OverlayPort4hide
FN:75,_RNvXs0_NtNtCsh6eLa7zxMRk_21terapia_visual_domain9use_cases5mocksNtB5_11MockOverlayNtNtNtB9_5ports7overlay11OverlayPort4show
FN:113,_RNvXs0_NtNtCsh6eLa7zxMRk_21terapia_visual_domain9use_cases5mocksNtB5_11MockOverlayNtNtNtB9_5ports7overlay11OverlayPort9is_active
FN:137,_RNvXs3_NtNtCsh6eLa7zxMRk_21terapia_visual_domain9use_cases5mocksNtB5_24MockTherapyConfigStorageINtNtNtB9_5ports14config_storage13ConfigStorageNtNtNtB9_6domain22overlay_therapy_config20OverlayTherapyConfigE4load
FN:145,_RNvXs3_NtNtCsh6eLa7zxMRk_21terapia_visual_domain9use_cases5mocksNtB5_24MockTherapyConfigStorageINtNtNtB9_5ports14config_storage13ConfigStorageNtNtNtB9_6domain22overlay_therapy_config20OverlayTherapyConfigE4save
FN:166,_RNvXs4_NtNtCsh6eLa7zxMRk_21terapia_visual_domain9use_cases5mocksNtB5_20MockAppConfigStorageINtNtNtB9_5ports14config_storage13ConfigStorageNtNtNtB9_6domain12app_settings11AppSettingsE4load
FN:174,_RNvXs4_NtNtCsh6eLa7zxMRk_21terapia_visual_domain9use_cases5mocksNtB5_20MockAppConfigStorageINtNtNtB9_5ports14config_storage13ConfigStorageNtNtNtB9_6domain12app_settings11AppSettingsE4save
FN:204,_RNvXs7_NtNtCsh6eLa7zxMRk_21terapia_visual_domain9use_cases5mocksNtB5_18MockSystemNotifierNtNtNtB9_5ports15system_notifier14SystemNotifier12show_message
FN:208,_RNvXs7_NtNtCsh6eLa7zxMRk_21terapia_visual_domain9use_cases5mocksNtB5_18MockSystemNotifierNtNtNtB9_5ports15system_notifier14SystemNotifier14set_tray_state
FNDA:1,_RNvXs0_NtNtCsh6eLa7zxMRk_21terapia_visual_domain9use_cases5mocksNtB5_11MockOverlayNtNtNtB9_5ports7overlay11OverlayPort13update_config
FNDA:1,_RNvXs0_NtNtCsh6eLa7zxMRk_21terapia_visual_domain9use_cases5mocksNtB5_11MockOverlayNtNtNtB9_5ports7overlay11OverlayPort4hide
FNDA:1,_RNvXs0_NtNtCsh6eLa7zxMRk_21terapia_visual_domain9use_cases5mocksNtB5_11MockOverlayNtNtNtB9_5ports7overlay11OverlayPort4show
FNDA:8,_RNvXs0_NtNtCsh6eLa7zxMRk_21terapia_visual_domain9use_cases5mocksNtB5_11MockOverlayNtNtNtB9_5ports7overlay11OverlayPort9is_active
FNDA:2,_RNvXs3_NtNtCsh6eLa7zxMRk_21terapia_visual_domain9use_cases5mocksNtB5_24MockTherapyConfigStorageINtNtNtB9_5ports14config_storage13ConfigStorageNtNtNtB9_6domain22overlay_therapy_config20OverlayTherapyConfigE4load
FNDA:2,_RNvXs3_NtNtCsh6eLa7zxMRk_21terapia_visual_domain9use_cases5mocksNtB5_24MockTherapyConfigStorageINtNtNtB9_5ports14config_storage13ConfigStorageNtNtNtB9_6domain22overlay_therapy_config20OverlayTherapyConfigE4save
FNDA:2,_RNvXs4_NtNtCsh6eLa7zxMRk_21terapia_visual_domain9use_cases5mocksNtB5_20MockAppConfigStorageINtNtNtB9_5ports14config_storage13ConfigStorageNtNtNtB9_6domain12app_settings11AppSettingsE4load
FNDA:2,_RNvXs4_NtNtCsh6eLa7zxMRk_21terapia_visual_domain9use_cases5mocksNtB5_20MockAppConfigStorageINtNtNtB9_5ports14config_storage13ConfigStorageNtNtNtB9_6domain12app_settings11AppSettingsE4save
FNDA:0,_RNvXs7_NtNtCsh6eLa7zxMRk_21terapia_visual_domain9use_cases5mocksNtB5_18MockSystemNotifierNtNtNtB9_5ports15system_notifier14SystemNotifier12show_message
FNDA:0,_RNvXs7_NtNtCsh6eLa7zxMRk_21terapia_visual_domain9use_cases5mocksNtB5_18MockSystemNotifierNtNtNtB9_5ports15system_notifier14SystemNotifier14set_tray_state
FNF:10
FNH:8
DA:75,1
DA:85,1
DA:87,1
DA:95,1
DA:102,1
DA:111,1
DA:113,8
DA:114,8
DA:115,8
DA:137,2
DA:143,2
DA:145,2
DA:151,2
DA:166,2
DA:172,2
DA:174,2
DA:180,2
DA:204,0
DA:206,0
DA:208,0
DA:210,0
BRF:0
BRH:0
LF:21
LH:17
end_of_record
SF:C:\Users\shiro\Documents\Projects\hex-terapia-visual\terapia-visual\terapia_visual_domain\src\use_cases\start_overlay_therapy.rs
FN:65,_RNCNvNtNtCsh6eLa7zxMRk_21terapia_visual_domain9use_cases21start_overlay_therapy21start_overlay_therapy0B7_
FN:60,_RNvNtNtCsh6eLa7zxMRk_21terapia_visual_domain9use_cases21start_overlay_therapy21start_overlay_therapy
FN:99,_RNCNvNtNtNtCsh6eLa7zxMRk_21terapia_visual_domain9use_cases21start_overlay_therapy5testss_21test_start_therapy_ok0B9_
FN:109,_RNCNvNtNtNtCsh6eLa7zxMRk_21terapia_visual_domain9use_cases21start_overlay_therapy5testss_33test_start_therapy_already_active0B9_
FN:80,_RNvNtNtNtCsh6eLa7zxMRk_21terapia_visual_domain9use_cases21start_overlay_therapy5tests13sample_config
FN:99,_RNvNtNtNtCsh6eLa7zxMRk_21terapia_visual_domain9use_cases21start_overlay_therapy5testss_21test_start_therapy_ok
FN:109,_RNvNtNtNtCsh6eLa7zxMRk_21terapia_visual_domain9use_cases21start_overlay_therapy5testss_33test_start_therapy_already_active
FNDA:2,_RNCNvNtNtCsh6eLa7zxMRk_21terapia_visual_domain9use_cases21start_overlay_therapy21start_overlay_therapy0B7_
FNDA:2,_RNvNtNtCsh6eLa7zxMRk_21terapia_visual_domain9use_cases21start_overlay_therapy21start_overlay_therapy
FNDA:1,_RNCNvNtNtNtCsh6eLa7zxMRk_21terapia_visual_domain9use_cases21start_overlay_therapy5testss_21test_start_therapy_ok0B9_
FNDA:1,_RNCNvNtNtNtCsh6eLa7zxMRk_21terapia_visual_domain9use_cases21start_overlay_therapy5testss_33test_start_therapy_already_active0B9_
FNDA:2,_RNvNtNtNtCsh6eLa7zxMRk_21terapia_visual_domain9use_cases21start_overlay_therapy5tests13sample_config
FNDA:1,_RNvNtNtNtCsh6eLa7zxMRk_21terapia_visual_domain9use_cases21start_overlay_therapy5testss_21test_start_therapy_ok
FNDA:1,_RNvNtNtNtCsh6eLa7zxMRk_21terapia_visual_domain9use_cases21start_overlay_therapy5testss_33test_start_therapy_already_active
FNF:7
FNH:7
DA:60,2
DA:61,2
DA:62,2
DA:63,2
DA:64,2
DA:65,2
DA:66,2
DA:67,1
DA:70,1
DA:72,2
DA:80,2
DA:81,2
DA:82,2
DA:83,2
DA:84,2
DA:85,2
DA:86,2
DA:87,2
DA:88,2
DA:89,2
DA:90,2
DA:91,2
DA:92,2
DA:95,2
DA:96,2
DA:99,1
DA:100,1
DA:101,1
DA:102,1
DA:103,1
DA:104,1
DA:105,1
DA:106,1
DA:109,1
DA:110,1
DA:111,1
DA:112,1
DA:113,1
DA:114,1
DA:115,1
DA:116,1
DA:117,1
BRF:0
BRH:0
LF:47
LH:47
end_of_record
SF:C:\Users\shiro\Documents\Projects\hex-terapia-visual\terapia-visual\terapia_visual_domain\src\use_cases\stop_overlay_therapy.rs
FN:50,_RNvNtNtCsh6eLa7zxMRk_21terapia_visual_domain9use_cases20stop_overlay_therapy20stop_overlay_therapy
FN:50,_RNCNvNtNtCsh6eLa7zxMRk_21terapia_visual_domain9use_cases20stop_overlay_therapy20stop_overlay_therapy0B7_
FN:64,_RNCNvNtNtNtCsh6eLa7zxMRk_21terapia_visual_domain9use_cases20stop_overlay_therapy5testss_20test_stop_therapy_ok0B9_
FN:76,_RNCNvNtNtNtCsh6eLa7zxMRk_21terapia_visual_domain9use_cases20stop_overlay_therapy5testss_28test_stop_therapy_not_active0B9_
FN:64,_RNvNtNtNtCsh6eLa7zxMRk_21terapia_visual_domain9use_cases20stop_overlay_therapy5testss_20test_stop_therapy_ok
FN:76,_RNvNtNtNtCsh6eLa7zxMRk_21terapia_visual_domain9use_cases20stop_overlay_therapy5testss_28test_stop_therapy_not_active
FNDA:2,_RNvNtNtCsh6eLa7zxMRk_21terapia_visual_domain9use_cases20stop_overlay_therapy20stop_overlay_therapy
FNDA:2,_RNCNvNtNtCsh6eLa7zxMRk_21terapia_visual_domain9use_cases20stop_overlay_therapy20stop_overlay_therapy0B7_
FNDA:1,_RNCNvNtNtNtCsh6eLa7zxMRk_21terapia_visual_domain9use_cases20stop_overlay_therapy5testss_20test_stop_therapy_ok0B9_
FNDA:1,_RNCNvNtNtNtCsh6eLa7zxMRk_21terapia_visual_domain9use_cases20stop_overlay_therapy5testss_28test_stop_therapy_not_active0B9_
FNDA:1,_RNvNtNtNtCsh6eLa7zxMRk_21terapia_visual_domain9use_cases20stop_overlay_therapy5testss_20test_stop_therapy_ok
FNDA:1,_RNvNtNtNtCsh6eLa7zxMRk_21terapia_visual_domain9use_cases20stop_overlay_therapy5testss_28test_stop_therapy_not_active
FNF:6
FNH:6
DA:50,2
DA:51,2
DA:52,1
DA:54,1
DA:56,2
DA:64,1
DA:65,1
DA:66,1
DA:67,1
DA:68,1
DA:69,1
DA:70,1
DA:71,1
DA:72,1
DA:73,1
DA:76,1
DA:77,1
DA:78,1
DA:79,1
DA:80,1
BRF:0
BRH:0
LF:25
LH:25
end_of_record
SF:C:\Users\shiro\Documents\Projects\hex-terapia-visual\terapia-visual\terapia_visual_domain\src\use_cases\update_app_settings.rs
FN:76,_RNCNvNtNtNtCsh6eLa7zxMRk_21terapia_visual_domain9use_cases19update_app_settings5testss_27test_update_app_settings_ok0B9_
FN:89,_RNCNvNtNtNtCsh6eLa7zxMRk_21terapia_visual_domain9use_cases19update_app_settings5testss_30test_update_app_settings_fails0B9_
FN:76,_RNvNtNtNtCsh6eLa7zxMRk_21terapia_visual_domain9use_cases19update_app_settings5testss_27test_update_app_settings_ok
FN:89,_RNvNtNtNtCsh6eLa7zxMRk_21terapia_visual_domain9use_cases19update_app_settings5testss_30test_update_app_settings_fails
FN:61,_RNvNtNtCsh6eLa7zxMRk_21terapia_visual_domain9use_cases19update_app_settings19update_app_settings
FN:64,_RNCNvNtNtCsh6eLa7zxMRk_21terapia_visual_domain9use_cases19update_app_settings19update_app_settings0B7_
FNDA:1,_RNCNvNtNtNtCsh6eLa7zxMRk_21terapia_visual_domain9use_cases19update_app_settings5testss_27test_update_app_settings_ok0B9_
FNDA:1,_RNCNvNtNtNtCsh6eLa7zxMRk_21terapia_visual_domain9use_cases19update_app_settings5testss_30test_update_app_settings_fails0B9_
FNDA:1,_RNvNtNtNtCsh6eLa7zxMRk_21terapia_visual_domain9use_cases19update_app_settings5testss_27test_update_app_settings_ok
FNDA:1,_RNvNtNtNtCsh6eLa7zxMRk_21terapia_visual_domain9use_cases19update_app_settings5testss_30test_update_app_settings_fails
FNDA:2,_RNvNtNtCsh6eLa7zxMRk_21terapia_visual_domain9use_cases19update_app_settings19update_app_settings
FNDA:2,_RNCNvNtNtCsh6eLa7zxMRk_21terapia_visual_domain9use_cases19update_app_settings19update_app_settings0B7_
FNF:6
FNH:6
DA:61,2
DA:62,2
DA:63,2
DA:64,2
DA:65,2
DA:66,1
DA:67,2
DA:76,1
DA:77,1
DA:78,1
DA:79,1
DA:80,1
DA:81,1
DA:82,1
DA:83,1
DA:84,1
DA:85,1
DA:86,1
DA:89,1
DA:90,1
DA:91,1
DA:92,1
DA:93,1
DA:94,1
DA:96,1
DA:97,1
DA:98,1
BRF:0
BRH:0
LF:32
LH:32
end_of_record
SF:C:\Users\shiro\Documents\Projects\hex-terapia-visual\terapia-visual\terapia_visual_domain\src\use_cases\update_overlay_therapy.rs
FN:105,_RNvNtNtNtCsh6eLa7zxMRk_21terapia_visual_domain9use_cases22update_overlay_therapy5tests13sample_config
FN:134,_RNvNtNtNtCsh6eLa7zxMRk_21terapia_visual_domain9use_cases22update_overlay_therapy5testss_30test_update_config_when_active
FN:124,_RNvNtNtNtCsh6eLa7zxMRk_21terapia_visual_domain9use_cases22update_overlay_therapy5testss_32test_update_config_when_inactive
FN:79,_RNvNtNtCsh6eLa7zxMRk_21terapia_visual_domain9use_cases22update_overlay_therapy22update_overlay_therapy
FN:85,_RNCNvNtNtCsh6eLa7zxMRk_21terapia_visual_domain9use_cases22update_overlay_therapy22update_overlay_therapy0B7_
FN:134,_RNCNvNtNtNtCsh6eLa7zxMRk_21terapia_visual_domain9use_cases22update_overlay_therapy5testss_30test_update_config_when_active0B9_
FN:124,_RNCNvNtNtNtCsh6eLa7zxMRk_21terapia_visual_domain9use_cases22update_overlay_therapy5testss_32test_update_config_when_inactive0B9_
FNDA:2,_RNvNtNtNtCsh6eLa7zxMRk_21terapia_visual_domain9use_cases22update_overlay_therapy5tests13sample_config
FNDA:1,_RNvNtNtNtCsh6eLa7zxMRk_21terapia_visual_domain9use_cases22update_overlay_therapy5testss_30test_update_config_when_active
FNDA:1,_RNvNtNtNtCsh6eLa7zxMRk_21terapia_visual_domain9use_cases22update_overlay_therapy5testss_32test_update_config_when_inactive
FNDA:2,_RNvNtNtCsh6eLa7zxMRk_21terapia_visual_domain9use_cases22update_overlay_therapy22update_overlay_therapy
FNDA:2,_RNCNvNtNtCsh6eLa7zxMRk_21terapia_visual_domain9use_cases22update_overlay_therapy22update_overlay_therapy0B7_
FNDA:1,_RNCNvNtNtNtCsh6eLa7zxMRk_21terapia_visual_domain9use_cases22update_overlay_therapy5testss_30test_update_config_when_active0B9_
FNDA:1,_RNCNvNtNtNtCsh6eLa7zxMRk_21terapia_visual_domain9use_cases22update_overlay_therapy5testss_32test_update_config_when_inactive0B9_
FNF:7
FNH:7
DA:79,2
DA:80,2
DA:81,2
DA:82,2
DA:83,2
DA:84,2
DA:85,2
DA:87,2
DA:90,2
DA:91,1
DA:92,1
DA:93,1
DA:94,1
DA:96,2
DA:97,2
DA:105,2
DA:106,2
DA:107,2
DA:108,2
DA:109,2
DA:110,2
DA:111,2
DA:112,2
DA:113,2
DA:114,2
DA:115,2
DA:116,2
DA:117,2
DA:120,2
DA:121,2
DA:124,1
DA:125,1
DA:126,1
DA:127,1
DA:128,1
DA:129,1
DA:130,1
DA:131,1
DA:134,1
DA:135,1
DA:136,1
DA:137,1
DA:138,1
DA:139,1
DA:140,1
DA:141,1
DA:142,1
DA:143,1
DA:144,1
BRF:0
BRH:0
LF:54
LH:54
end_of_record